2022-01-27 18:24:57,205 INFO o.a.j.u.JMeterUtils: Setting Locale to en_EN
2022-01-27 18:24:57,260 INFO o.a.j.JMeter: Loading user properties from: user.properties
2022-01-27 18:24:57,272 INFO o.a.j.JMeter: Loading system properties from: system.properties
2022-01-27 18:24:57,281 INFO o.a.j.JMeter: Copyright (c) 1998-2021 The Apache Software Foundation
2022-01-27 18:24:57,281 INFO o.a.j.JMeter: Version 5.4.3
2022-01-27 18:24:57,281 INFO o.a.j.JMeter: java.version=11.0.13
2022-01-27 18:24:57,281 INFO o.a.j.JMeter: java.vm.name=Java HotSpot(TM) 64-Bit Server VM
2022-01-27 18:24:57,281 INFO o.a.j.JMeter: os.name=Windows 10
2022-01-27 18:24:57,281 INFO o.a.j.JMeter: os.arch=amd64
2022-01-27 18:24:57,281 INFO o.a.j.JMeter: os.version=10.0
2022-01-27 18:24:57,281 INFO o.a.j.JMeter: file.encoding=Cp1252
2022-01-27 18:24:57,282 INFO o.a.j.JMeter: java.awt.headless=true
2022-01-27 18:24:57,282 INFO o.a.j.JMeter: Max memory     =1073741824
2022-01-27 18:24:57,282 INFO o.a.j.JMeter: Available Processors =4
2022-01-27 18:24:57,295 INFO o.a.j.JMeter: Default Locale=English (EN)
2022-01-27 18:24:57,296 INFO o.a.j.JMeter: JMeter  Locale=English (EN)
2022-01-27 18:24:57,296 INFO o.a.j.JMeter: JMeterHome=C:\Users\ranjan.kumar\Documents\Jmeter\apache-jmeter-5.4.3
2022-01-27 18:24:57,296 INFO o.a.j.JMeter: user.dir  =C:\Users\ranjan.kumar\Documents\Jmeter\apache-jmeter-5.4.3\bin
2022-01-27 18:24:57,302 INFO o.a.j.JMeter: PWD       =C:\Users\ranjan.kumar\Documents\Jmeter\apache-jmeter-5.4.3\bin
2022-01-27 18:25:06,969 INFO o.a.j.JMeter: IP: 169.254.123.96 Name: KELLGGNLPTP1106 FullName: KELLGGNLPTP1106.kelltontech.org
2022-01-27 18:25:06,976 INFO o.a.j.s.FileServer: Default base='C:\Users\ranjan.kumar\Documents\Jmeter\apache-jmeter-5.4.3\bin'
2022-01-27 18:25:06,977 INFO o.a.j.s.FileServer: Set new base='C:\Users\ranjan.kumar\Documents\Jmeter\apache-jmeter-5.4.3\bin'
2022-01-27 18:25:07,207 INFO o.a.j.s.SaveService: Testplan (JMX) version: 2.2. Testlog (JTL) version: 2.2
2022-01-27 18:25:07,250 INFO o.a.j.s.SaveService: Using SaveService properties version 5.0
2022-01-27 18:25:07,255 INFO o.a.j.s.SaveService: Using SaveService properties file encoding UTF-8
2022-01-27 18:25:07,261 WARN o.a.j.s.SaveService: Can't register a converter: com.blazemeter.jmeter.citrix.sampler.CitrixSampleResultConverter
java.lang.ClassNotFoundException: com.blazemeter.jmeter.citrix.sampler.CitrixSampleResultConverter
	at java.net.URLClassLoader.findClass(URLClassLoader.java:476) ~[?:?]
	at java.lang.ClassLoader.loadClass(ClassLoader.java:588) ~[?:?]
	at java.lang.ClassLoader.loadClass(ClassLoader.java:521) ~[?:?]
	at java.lang.Class.forName0(Native Method) ~[?:?]
	at java.lang.Class.forName(Class.java:315) ~[?:?]
	at org.apache.jmeter.save.SaveService.registerConverter(SaveService.java:283) ~[ApacheJMeter_core.jar:5.4.3]
	at org.apache.jmeter.save.SaveService.registerConverter(SaveService.java:259) [ApacheJMeter_core.jar:5.4.3]
	at org.apache.jmeter.save.SaveService.initProps(SaveService.java:245) [ApacheJMeter_core.jar:5.4.3]
	at org.apache.jmeter.save.SaveService.<clinit>(SaveService.java:164) [ApacheJMeter_core.jar:5.4.3]
	at org.apache.jmeter.JMeter.runNonGui(JMeter.java:1021) [ApacheJMeter_core.jar:5.4.3]
	at org.apache.jmeter.JMeter.startNonGui(JMeter.java:1007) [ApacheJMeter_core.jar:5.4.3]
	at org.apache.jmeter.JMeter.start(JMeter.java:579) [ApacheJMeter_core.jar:5.4.3]
	at jdk.internal.reflect.NativeMethodAccessorImpl.invoke0(Native Method) ~[?:?]
	at jdk.internal.reflect.NativeMethodAccessorImpl.invoke(NativeMethodAccessorImpl.java:62) ~[?:?]
	at jdk.internal.reflect.DelegatingMethodAccessorImpl.invoke(DelegatingMethodAccessorImpl.java:43) ~[?:?]
	at java.lang.reflect.Method.invoke(Method.java:566) ~[?:?]
	at org.apache.jmeter.NewDriver.main(NewDriver.java:254) [ApacheJMeter.jar:5.4.3]
2022-01-27 18:25:07,278 INFO o.a.j.s.SaveService: Loading file: C:\Users\ranjan.kumar\Documents\Jmeter\apache-jmeter-5.4.3\bin\demo.jmx
2022-01-27 18:25:07,345 INFO o.a.j.p.h.c.CookieManager: Settings: Delete null: true Check: true Allow variable: true Save: false Prefix: COOKIE_
2022-01-27 18:25:07,349 INFO o.a.j.p.h.c.CacheManager: Will only cache the following methods: [GET]
2022-01-27 18:25:07,374 INFO o.a.j.p.h.s.HTTPSamplerBase: Parser for text/html is org.apache.jmeter.protocol.http.parser.LagartoBasedHtmlParser
2022-01-27 18:25:07,374 INFO o.a.j.p.h.s.HTTPSamplerBase: Parser for application/xhtml+xml is org.apache.jmeter.protocol.http.parser.LagartoBasedHtmlParser
2022-01-27 18:25:07,374 INFO o.a.j.p.h.s.HTTPSamplerBase: Parser for application/xml is org.apache.jmeter.protocol.http.parser.LagartoBasedHtmlParser
2022-01-27 18:25:07,374 INFO o.a.j.p.h.s.HTTPSamplerBase: Parser for text/xml is org.apache.jmeter.protocol.http.parser.LagartoBasedHtmlParser
2022-01-27 18:25:07,374 INFO o.a.j.p.h.s.HTTPSamplerBase: Parser for text/vnd.wap.wml is org.apache.jmeter.protocol.http.parser.RegexpHTMLParser
2022-01-27 18:25:07,374 INFO o.a.j.p.h.s.HTTPSamplerBase: Parser for text/css is org.apache.jmeter.protocol.http.parser.CssParser
2022-01-27 18:25:07,412 INFO o.a.j.JMeter: Creating summariser <summary>
2022-01-27 18:25:07,418 INFO o.a.j.e.StandardJMeterEngine: Running the test!
2022-01-27 18:25:07,420 INFO o.a.j.s.SampleEvent: List of sample_variables: []
2022-01-27 18:25:07,420 INFO o.a.j.s.SampleEvent: List of sample_variables: []
2022-01-27 18:25:07,434 INFO o.a.j.e.u.CompoundVariable: Note: Function class names must contain the string: '.functions.'
2022-01-27 18:25:07,434 INFO o.a.j.e.u.CompoundVariable: Note: Function class names must not contain the string: '.gui.'
2022-01-27 18:25:07,976 INFO o.a.j.JMeter: Running test (1643288107976)
2022-01-27 18:25:08,001 INFO o.a.j.e.StandardJMeterEngine: Starting ThreadGroup: 1 : Thread Group
2022-01-27 18:25:08,001 INFO o.a.j.e.StandardJMeterEngine: Starting 1 threads for group Thread Group.
2022-01-27 18:25:08,002 INFO o.a.j.e.StandardJMeterEngine: Thread will continue on error
2022-01-27 18:25:08,002 INFO o.a.j.t.ThreadGroup: Starting thread group... number=1 threads=1 ramp-up=1 delayedStart=false
2022-01-27 18:25:08,014 INFO o.a.j.t.ThreadGroup: Started thread group number 1
2022-01-27 18:25:08,014 INFO o.a.j.e.StandardJMeterEngine: All thread groups have been started
2022-01-27 18:25:08,022 INFO o.a.j.s.SampleResult: Note: Sample TimeStamps are START times
2022-01-27 18:25:08,023 INFO o.a.j.s.SampleResult: sampleresult.default.encoding is set to ISO-8859-1
2022-01-27 18:25:08,023 INFO o.a.j.s.SampleResult: sampleresult.useNanoTime=true
2022-01-27 18:25:08,023 INFO o.a.j.s.SampleResult: sampleresult.nanoThreadSleep=5000
2022-01-27 18:25:08,026 INFO o.a.j.t.JMeterThread: Thread started: Thread Group 1-1
2022-01-27 18:25:08,053 INFO o.a.j.p.h.s.HTTPHCAbstractImpl: Local host = KELLGGNLPTP1106
2022-01-27 18:25:08,060 INFO o.a.j.p.h.s.HTTPHC4Impl: HTTP request retry count = 0
2022-01-27 18:25:08,500 INFO o.a.j.p.h.s.h.LazyLayeredConnectionSocketFactory: Setting up HTTPS TrustAll Socket Factory
2022-01-27 18:25:08,509 INFO o.a.j.u.JsseSSLManager: Using default SSL protocol: TLS
2022-01-27 18:25:08,509 INFO o.a.j.u.JsseSSLManager: SSL session context: per-thread
2022-01-27 18:25:08,736 INFO o.a.j.u.SSLManager: JmeterKeyStore Location:  type JKS
2022-01-27 18:25:08,740 INFO o.a.j.u.SSLManager: KeyStore created OK
2022-01-27 18:25:08,740 WARN o.a.j.u.SSLManager: Keystore file not found, loading empty keystore
2022-01-27 18:25:30,050 INFO o.a.j.t.JMeterThread: Thread is done: Thread Group 1-1
2022-01-27 18:25:30,050 INFO o.a.j.t.JMeterThread: Thread finished: Thread Group 1-1
2022-01-27 18:25:30,052 INFO o.a.j.e.StandardJMeterEngine: Notifying test listeners of end of test
2022-01-27 18:25:30,061 INFO o.a.j.r.Summariser: summary =      0 in 00:00:00 = ******/s Avg:     0 Min: 9223372036854775807 Max: -9223372036854775808 Err:     0 (0.00%)
